<?xml version="1.0" encoding="UTF-8"?>
<testsuites>
  <testsuite name="" tests="19" assertions="38" errors="0" warnings="0" failures="0" skipped="0" time="0.040861">
    <testsuite name="Project Test Suite" tests="19" assertions="38" errors="0" warnings="0" failures="0" skipped="0" time="0.040861">
      <testsuite name="App\Card\CardGraphicTest" file="/opt/dev/bth/dbwebb-kurser/mvc/me/report/tests/Card/CardGraphicTest.php" tests="2" assertions="6" errors="0" warnings="0" failures="0" skipped="0" time="0.017240">
        <testcase name="testCard" class="App\Card\CardGraphicTest" classname="App.Card.CardGraphicTest" file="/opt/dev/bth/dbwebb-kurser/mvc/me/report/tests/Card/CardGraphicTest.php" line="12" assertions="2" time="0.015937"/>
        <testcase name="testCardGraphic" class="App\Card\CardGraphicTest" classname="App.Card.CardGraphicTest" file="/opt/dev/bth/dbwebb-kurser/mvc/me/report/tests/Card/CardGraphicTest.php" line="26" assertions="4" time="0.001303"/>
      </testsuite>
      <testsuite name="App\Card\CardHandTest" file="/opt/dev/bth/dbwebb-kurser/mvc/me/report/tests/Card/CardHandTest.php" tests="2" assertions="6" errors="0" warnings="0" failures="0" skipped="0" time="0.001457">
        <testcase name="testCardHand" class="App\Card\CardHandTest" classname="App.Card.CardHandTest" file="/opt/dev/bth/dbwebb-kurser/mvc/me/report/tests/Card/CardHandTest.php" line="12" assertions="3" time="0.001166"/>
        <testcase name="testCardGraphic" class="App\Card\CardHandTest" classname="App.Card.CardHandTest" file="/opt/dev/bth/dbwebb-kurser/mvc/me/report/tests/Card/CardHandTest.php" line="34" assertions="3" time="0.000291"/>
      </testsuite>
      <testsuite name="App\Card\DeckOfCardsTest" file="/opt/dev/bth/dbwebb-kurser/mvc/me/report/tests/Card/DeckOfCardsTest.php" tests="1" assertions="3" errors="0" warnings="0" failures="0" skipped="0" time="0.001767">
        <testcase name="testDeck" class="App\Card\DeckOfCardsTest" classname="App.Card.DeckOfCardsTest" file="/opt/dev/bth/dbwebb-kurser/mvc/me/report/tests/Card/DeckOfCardsTest.php" line="12" assertions="3" time="0.001767"/>
      </testsuite>
      <testsuite name="App\Card\Game21Test" file="/opt/dev/bth/dbwebb-kurser/mvc/me/report/tests/Card/Game21Test.php" tests="7" assertions="14" errors="0" warnings="0" failures="0" skipped="0" time="0.011646">
        <testcase name="testCreateGame21" class="App\Card\Game21Test" classname="App.Card.Game21Test" file="/opt/dev/bth/dbwebb-kurser/mvc/me/report/tests/Card/Game21Test.php" line="12" assertions="2" time="0.001793"/>
        <testcase name="testPlayerAndBankDraw" class="App\Card\Game21Test" classname="App.Card.Game21Test" file="/opt/dev/bth/dbwebb-kurser/mvc/me/report/tests/Card/Game21Test.php" line="26" assertions="4" time="0.002230"/>
        <testcase name="testBankDrawTooEarly" class="App\Card\Game21Test" classname="App.Card.Game21Test" file="/opt/dev/bth/dbwebb-kurser/mvc/me/report/tests/Card/Game21Test.php" line="47" assertions="2" time="0.004142"/>
        <testcase name="testPlayerDrawTooLate" class="App\Card\Game21Test" classname="App.Card.Game21Test" file="/opt/dev/bth/dbwebb-kurser/mvc/me/report/tests/Card/Game21Test.php" line="56" assertions="2" time="0.000904"/>
        <testcase name="testGetPlayerAndBankHand" class="App\Card\Game21Test" classname="App.Card.Game21Test" file="/opt/dev/bth/dbwebb-kurser/mvc/me/report/tests/Card/Game21Test.php" line="66" assertions="2" time="0.000782"/>
        <testcase name="testPlayerWinner" class="App\Card\Game21Test" classname="App.Card.Game21Test" file="/opt/dev/bth/dbwebb-kurser/mvc/me/report/tests/Card/Game21Test.php" line="82" assertions="1" time="0.000883"/>
        <testcase name="testBankWinner" class="App\Card\Game21Test" classname="App.Card.Game21Test" file="/opt/dev/bth/dbwebb-kurser/mvc/me/report/tests/Card/Game21Test.php" line="92" assertions="1" time="0.000912"/>
      </testsuite>
      <testsuite name="App\Dice\DiceTest" file="/opt/dev/bth/dbwebb-kurser/mvc/me/report/tests/Dice/DiceTest.php" tests="2" assertions="4" errors="0" warnings="0" failures="0" skipped="0" time="0.005240">
        <testcase name="testCreateDice" class="App\Dice\DiceTest" classname="App.Dice.DiceTest" file="/opt/dev/bth/dbwebb-kurser/mvc/me/report/tests/Dice/DiceTest.php" line="12" assertions="1" time="0.001157"/>
        <testcase name="testCreatedDiceRoll" class="App\Dice\DiceTest" classname="App.Dice.DiceTest" file="/opt/dev/bth/dbwebb-kurser/mvc/me/report/tests/Dice/DiceTest.php" line="21" assertions="3" time="0.004083"/>
      </testsuite>
      <testsuite name="App\Entity\BookTest" file="/opt/dev/bth/dbwebb-kurser/mvc/me/report/tests/Entity/BookTest.php" tests="5" assertions="5" errors="0" warnings="0" failures="0" skipped="0" time="0.003512">
        <testcase name="testBookCreate" class="App\Entity\BookTest" classname="App.Entity.BookTest" file="/opt/dev/bth/dbwebb-kurser/mvc/me/report/tests/Entity/BookTest.php" line="12" assertions="1" time="0.002187"/>
        <testcase name="testBookTitle" class="App\Entity\BookTest" classname="App.Entity.BookTest" file="/opt/dev/bth/dbwebb-kurser/mvc/me/report/tests/Entity/BookTest.php" line="20" assertions="1" time="0.000283"/>
        <testcase name="testBookIsbn" class="App\Entity\BookTest" classname="App.Entity.BookTest" file="/opt/dev/bth/dbwebb-kurser/mvc/me/report/tests/Entity/BookTest.php" line="30" assertions="1" time="0.000445"/>
        <testcase name="testBookAuthor" class="App\Entity\BookTest" classname="App.Entity.BookTest" file="/opt/dev/bth/dbwebb-kurser/mvc/me/report/tests/Entity/BookTest.php" line="40" assertions="1" time="0.000308"/>
        <testcase name="testBookImage" class="App\Entity\BookTest" classname="App.Entity.BookTest" file="/opt/dev/bth/dbwebb-kurser/mvc/me/report/tests/Entity/BookTest.php" line="50" assertions="1" time="0.000289"/>
      </testsuite>
    </testsuite>
  </testsuite>
</testsuites>
