<?xml version="1.0" encoding="UTF-8"?>
<testsuites>
  <testsuite name="" tests="34" assertions="55" errors="0" warnings="0" failures="0" skipped="0" time="0.055077">
    <testsuite name="Project Test Suite" tests="34" assertions="55" errors="0" warnings="0" failures="0" skipped="0" time="0.055077">
      <testsuite name="App\Card\BlackJackTest" file="/opt/dev/bth/dbwebb-kurser/mvc/me/report/tests/Card/BlackJackTest.php" tests="5" assertions="7" errors="0" warnings="0" failures="0" skipped="0" time="0.024762">
        <testcase name="testCreateBlackJack" class="App\Card\BlackJackTest" classname="App.Card.BlackJackTest" file="/opt/dev/bth/dbwebb-kurser/mvc/me/report/tests/Card/BlackJackTest.php" line="12" assertions="1" time="0.019951"/>
        <testcase name="testDraw" class="App\Card\BlackJackTest" classname="App.Card.BlackJackTest" file="/opt/dev/bth/dbwebb-kurser/mvc/me/report/tests/Card/BlackJackTest.php" line="22" assertions="3" time="0.002245"/>
        <testcase name="testgetPlayerValue" class="App\Card\BlackJackTest" classname="App.Card.BlackJackTest" file="/opt/dev/bth/dbwebb-kurser/mvc/me/report/tests/Card/BlackJackTest.php" line="42" assertions="1" time="0.000845"/>
        <testcase name="testgetNumberOfDecks" class="App\Card\BlackJackTest" classname="App.Card.BlackJackTest" file="/opt/dev/bth/dbwebb-kurser/mvc/me/report/tests/Card/BlackJackTest.php" line="53" assertions="1" time="0.000851"/>
        <testcase name="testgetNumberOfhands" class="App\Card\BlackJackTest" classname="App.Card.BlackJackTest" file="/opt/dev/bth/dbwebb-kurser/mvc/me/report/tests/Card/BlackJackTest.php" line="61" assertions="1" time="0.000871"/>
      </testsuite>
      <testsuite name="App\Card\CardGraphicTest" file="/opt/dev/bth/dbwebb-kurser/mvc/me/report/tests/Card/CardGraphicTest.php" tests="2" assertions="6" errors="0" warnings="0" failures="0" skipped="0" time="0.000493">
        <testcase name="testCard" class="App\Card\CardGraphicTest" classname="App.Card.CardGraphicTest" file="/opt/dev/bth/dbwebb-kurser/mvc/me/report/tests/Card/CardGraphicTest.php" line="12" assertions="2" time="0.000116"/>
        <testcase name="testCardGraphic" class="App\Card\CardGraphicTest" classname="App.Card.CardGraphicTest" file="/opt/dev/bth/dbwebb-kurser/mvc/me/report/tests/Card/CardGraphicTest.php" line="26" assertions="4" time="0.000376"/>
      </testsuite>
      <testsuite name="App\Card\CardHandTest" file="/opt/dev/bth/dbwebb-kurser/mvc/me/report/tests/Card/CardHandTest.php" tests="2" assertions="6" errors="0" warnings="0" failures="0" skipped="0" time="0.000463">
        <testcase name="testCardHand" class="App\Card\CardHandTest" classname="App.Card.CardHandTest" file="/opt/dev/bth/dbwebb-kurser/mvc/me/report/tests/Card/CardHandTest.php" line="12" assertions="3" time="0.000181"/>
        <testcase name="testCardGraphic" class="App\Card\CardHandTest" classname="App.Card.CardHandTest" file="/opt/dev/bth/dbwebb-kurser/mvc/me/report/tests/Card/CardHandTest.php" line="34" assertions="3" time="0.000281"/>
      </testsuite>
      <testsuite name="App\Card\DeckOfCardsTest" file="/opt/dev/bth/dbwebb-kurser/mvc/me/report/tests/Card/DeckOfCardsTest.php" tests="1" assertions="3" errors="0" warnings="0" failures="0" skipped="0" time="0.001770">
        <testcase name="testDeck" class="App\Card\DeckOfCardsTest" classname="App.Card.DeckOfCardsTest" file="/opt/dev/bth/dbwebb-kurser/mvc/me/report/tests/Card/DeckOfCardsTest.php" line="12" assertions="3" time="0.001770"/>
      </testsuite>
      <testsuite name="App\Card\Game21Test" file="/opt/dev/bth/dbwebb-kurser/mvc/me/report/tests/Card/Game21Test.php" tests="7" assertions="14" errors="0" warnings="0" failures="0" skipped="0" time="0.009840">
        <testcase name="testCreateGame21" class="App\Card\Game21Test" classname="App.Card.Game21Test" file="/opt/dev/bth/dbwebb-kurser/mvc/me/report/tests/Card/Game21Test.php" line="12" assertions="2" time="0.001919"/>
        <testcase name="testPlayerAndBankDraw" class="App\Card\Game21Test" classname="App.Card.Game21Test" file="/opt/dev/bth/dbwebb-kurser/mvc/me/report/tests/Card/Game21Test.php" line="26" assertions="4" time="0.000921"/>
        <testcase name="testBankDrawTooEarly" class="App\Card\Game21Test" classname="App.Card.Game21Test" file="/opt/dev/bth/dbwebb-kurser/mvc/me/report/tests/Card/Game21Test.php" line="47" assertions="2" time="0.003626"/>
        <testcase name="testPlayerDrawTooLate" class="App\Card\Game21Test" classname="App.Card.Game21Test" file="/opt/dev/bth/dbwebb-kurser/mvc/me/report/tests/Card/Game21Test.php" line="56" assertions="2" time="0.000809"/>
        <testcase name="testGetPlayerAndBankHand" class="App\Card\Game21Test" classname="App.Card.Game21Test" file="/opt/dev/bth/dbwebb-kurser/mvc/me/report/tests/Card/Game21Test.php" line="66" assertions="2" time="0.000774"/>
        <testcase name="testPlayerWinner" class="App\Card\Game21Test" classname="App.Card.Game21Test" file="/opt/dev/bth/dbwebb-kurser/mvc/me/report/tests/Card/Game21Test.php" line="82" assertions="1" time="0.000893"/>
        <testcase name="testBankWinner" class="App\Card\Game21Test" classname="App.Card.Game21Test" file="/opt/dev/bth/dbwebb-kurser/mvc/me/report/tests/Card/Game21Test.php" line="92" assertions="1" time="0.000898"/>
      </testsuite>
      <testsuite name="App\Card\MultiDeckTest" file="/opt/dev/bth/dbwebb-kurser/mvc/me/report/tests/Card/MultiDeckOfCardsTest.php" tests="4" assertions="4" errors="0" warnings="0" failures="0" skipped="0" time="0.005028">
        <testcase name="testBuildMultiDeck" class="App\Card\MultiDeckTest" classname="App.Card.MultiDeckTest" file="/opt/dev/bth/dbwebb-kurser/mvc/me/report/tests/Card/MultiDeckOfCardsTest.php" line="12" assertions="1" time="0.001167"/>
        <testcase name="testGetNumberOfDecks" class="App\Card\MultiDeckTest" classname="App.Card.MultiDeckTest" file="/opt/dev/bth/dbwebb-kurser/mvc/me/report/tests/Card/MultiDeckOfCardsTest.php" line="24" assertions="1" time="0.001358"/>
        <testcase name="testgetDeckAsValues" class="App\Card\MultiDeckTest" classname="App.Card.MultiDeckTest" file="/opt/dev/bth/dbwebb-kurser/mvc/me/report/tests/Card/MultiDeckOfCardsTest.php" line="33" assertions="1" time="0.001324"/>
        <testcase name="testgetDeck" class="App\Card\MultiDeckTest" classname="App.Card.MultiDeckTest" file="/opt/dev/bth/dbwebb-kurser/mvc/me/report/tests/Card/MultiDeckOfCardsTest.php" line="53" assertions="1" time="0.001178"/>
      </testsuite>
      <testsuite name="App\Dice\DiceTest" file="/opt/dev/bth/dbwebb-kurser/mvc/me/report/tests/Dice/DiceTest.php" tests="2" assertions="4" errors="0" warnings="0" failures="0" skipped="0" time="0.006163">
        <testcase name="testCreateDice" class="App\Dice\DiceTest" classname="App.Dice.DiceTest" file="/opt/dev/bth/dbwebb-kurser/mvc/me/report/tests/Dice/DiceTest.php" line="12" assertions="1" time="0.001189"/>
        <testcase name="testCreatedDiceRoll" class="App\Dice\DiceTest" classname="App.Dice.DiceTest" file="/opt/dev/bth/dbwebb-kurser/mvc/me/report/tests/Dice/DiceTest.php" line="21" assertions="3" time="0.004974"/>
      </testsuite>
      <testsuite name="App\Entity\BookTest" file="/opt/dev/bth/dbwebb-kurser/mvc/me/report/tests/Entity/BookTest.php" tests="5" assertions="5" errors="0" warnings="0" failures="0" skipped="0" time="0.003120">
        <testcase name="testBookCreate" class="App\Entity\BookTest" classname="App.Entity.BookTest" file="/opt/dev/bth/dbwebb-kurser/mvc/me/report/tests/Entity/BookTest.php" line="12" assertions="1" time="0.002085"/>
        <testcase name="testBookTitle" class="App\Entity\BookTest" classname="App.Entity.BookTest" file="/opt/dev/bth/dbwebb-kurser/mvc/me/report/tests/Entity/BookTest.php" line="20" assertions="1" time="0.000117"/>
        <testcase name="testBookIsbn" class="App\Entity\BookTest" classname="App.Entity.BookTest" file="/opt/dev/bth/dbwebb-kurser/mvc/me/report/tests/Entity/BookTest.php" line="30" assertions="1" time="0.000334"/>
        <testcase name="testBookAuthor" class="App\Entity\BookTest" classname="App.Entity.BookTest" file="/opt/dev/bth/dbwebb-kurser/mvc/me/report/tests/Entity/BookTest.php" line="40" assertions="1" time="0.000263"/>
        <testcase name="testBookImage" class="App\Entity\BookTest" classname="App.Entity.BookTest" file="/opt/dev/bth/dbwebb-kurser/mvc/me/report/tests/Entity/BookTest.php" line="50" assertions="1" time="0.000321"/>
      </testsuite>
      <testsuite name="App\Entity\HighscoreTest" file="/opt/dev/bth/dbwebb-kurser/mvc/me/report/tests/Entity/HighscoreTest.php" tests="3" assertions="3" errors="0" warnings="0" failures="0" skipped="0" time="0.002663">
        <testcase name="testHighscoreCreate" class="App\Entity\HighscoreTest" classname="App.Entity.HighscoreTest" file="/opt/dev/bth/dbwebb-kurser/mvc/me/report/tests/Entity/HighscoreTest.php" line="12" assertions="1" time="0.001008"/>
        <testcase name="testHighscoreCategory" class="App\Entity\HighscoreTest" classname="App.Entity.HighscoreTest" file="/opt/dev/bth/dbwebb-kurser/mvc/me/report/tests/Entity/HighscoreTest.php" line="20" assertions="1" time="0.001221"/>
        <testcase name="testHighscoreCoins" class="App\Entity\HighscoreTest" classname="App.Entity.HighscoreTest" file="/opt/dev/bth/dbwebb-kurser/mvc/me/report/tests/Entity/HighscoreTest.php" line="30" assertions="1" time="0.000434"/>
      </testsuite>
      <testsuite name="App\Entity\PlayerTest" file="/opt/dev/bth/dbwebb-kurser/mvc/me/report/tests/Entity/PlayerTest.php" tests="3" assertions="3" errors="0" warnings="0" failures="0" skipped="0" time="0.000776">
        <testcase name="testPlayerCreate" class="App\Entity\PlayerTest" classname="App.Entity.PlayerTest" file="/opt/dev/bth/dbwebb-kurser/mvc/me/report/tests/Entity/PlayerTest.php" line="12" assertions="1" time="0.000122"/>
        <testcase name="testPlayerName" class="App\Entity\PlayerTest" classname="App.Entity.PlayerTest" file="/opt/dev/bth/dbwebb-kurser/mvc/me/report/tests/Entity/PlayerTest.php" line="20" assertions="1" time="0.000302"/>
        <testcase name="testPlayerCoins" class="App\Entity\PlayerTest" classname="App.Entity.PlayerTest" file="/opt/dev/bth/dbwebb-kurser/mvc/me/report/tests/Entity/PlayerTest.php" line="30" assertions="1" time="0.000352"/>
      </testsuite>
    </testsuite>
  </testsuite>
</testsuites>
