<?xml version="1.0" encoding="UTF-8"?>
<testsuites>
  <testsuite name="" tests="38" assertions="59" errors="0" warnings="0" failures="1" skipped="0" time="0.066765">
    <testsuite name="Project Test Suite" tests="38" assertions="59" errors="0" warnings="0" failures="1" skipped="0" time="0.066765">
      <testsuite name="App\Card\BlackJackTest" file="/opt/dev/bth/dbwebb-kurser/mvc/me/report/tests/Card/BlackJackTest.php" tests="9" assertions="11" errors="0" warnings="0" failures="1" skipped="0" time="0.034174">
        <testcase name="testCreateBlackJack" class="App\Card\BlackJackTest" classname="App.Card.BlackJackTest" file="/opt/dev/bth/dbwebb-kurser/mvc/me/report/tests/Card/BlackJackTest.php" line="12" assertions="1" time="0.019941"/>
        <testcase name="testDraw" class="App\Card\BlackJackTest" classname="App.Card.BlackJackTest" file="/opt/dev/bth/dbwebb-kurser/mvc/me/report/tests/Card/BlackJackTest.php" line="22" assertions="3" time="0.002299"/>
        <testcase name="testgetPlayerValue" class="App\Card\BlackJackTest" classname="App.Card.BlackJackTest" file="/opt/dev/bth/dbwebb-kurser/mvc/me/report/tests/Card/BlackJackTest.php" line="42" assertions="1" time="0.000815"/>
        <testcase name="testgetNumberOfDecks" class="App\Card\BlackJackTest" classname="App.Card.BlackJackTest" file="/opt/dev/bth/dbwebb-kurser/mvc/me/report/tests/Card/BlackJackTest.php" line="53" assertions="1" time="0.000861"/>
        <testcase name="testgetNumberOfhands" class="App\Card\BlackJackTest" classname="App.Card.BlackJackTest" file="/opt/dev/bth/dbwebb-kurser/mvc/me/report/tests/Card/BlackJackTest.php" line="61" assertions="1" time="0.000860"/>
        <testcase name="testgetBankDraw" class="App\Card\BlackJackTest" classname="App.Card.BlackJackTest" file="/opt/dev/bth/dbwebb-kurser/mvc/me/report/tests/Card/BlackJackTest.php" line="69" assertions="1" time="0.002512"/>
        <testcase name="testPlayerBust" class="App\Card\BlackJackTest" classname="App.Card.BlackJackTest" file="/opt/dev/bth/dbwebb-kurser/mvc/me/report/tests/Card/BlackJackTest.php" line="84" assertions="1" time="0.000994"/>
        <testcase name="testSetPlayer" class="App\Card\BlackJackTest" classname="App.Card.BlackJackTest" file="/opt/dev/bth/dbwebb-kurser/mvc/me/report/tests/Card/BlackJackTest.php" line="96" assertions="1" time="0.000262"/>
        <testcase name="testgetDeck" class="App\Card\BlackJackTest" classname="App.Card.BlackJackTest" file="/opt/dev/bth/dbwebb-kurser/mvc/me/report/tests/Card/BlackJackTest.php" line="104" assertions="1" time="0.005631">
          <failure type="PHPUnit\Framework\ExpectationFailedException">App\Card\BlackJackTest::testgetDeck
Failed asserting that 0 matches expected 52.

/opt/dev/bth/dbwebb-kurser/mvc/me/report/tests/Card/BlackJackTest.php:110</failure>
        </testcase>
      </testsuite>
      <testsuite name="App\Card\CardGraphicTest" file="/opt/dev/bth/dbwebb-kurser/mvc/me/report/tests/Card/CardGraphicTest.php" tests="2" assertions="6" errors="0" warnings="0" failures="0" skipped="0" time="0.000284">
        <testcase name="testCard" class="App\Card\CardGraphicTest" classname="App.Card.CardGraphicTest" file="/opt/dev/bth/dbwebb-kurser/mvc/me/report/tests/Card/CardGraphicTest.php" line="12" assertions="2" time="0.000133"/>
        <testcase name="testCardGraphic" class="App\Card\CardGraphicTest" classname="App.Card.CardGraphicTest" file="/opt/dev/bth/dbwebb-kurser/mvc/me/report/tests/Card/CardGraphicTest.php" line="26" assertions="4" time="0.000151"/>
      </testsuite>
      <testsuite name="App\Card\CardHandTest" file="/opt/dev/bth/dbwebb-kurser/mvc/me/report/tests/Card/CardHandTest.php" tests="2" assertions="6" errors="0" warnings="0" failures="0" skipped="0" time="0.000642">
        <testcase name="testCardHand" class="App\Card\CardHandTest" classname="App.Card.CardHandTest" file="/opt/dev/bth/dbwebb-kurser/mvc/me/report/tests/Card/CardHandTest.php" line="12" assertions="3" time="0.000355"/>
        <testcase name="testCardGraphic" class="App\Card\CardHandTest" classname="App.Card.CardHandTest" file="/opt/dev/bth/dbwebb-kurser/mvc/me/report/tests/Card/CardHandTest.php" line="34" assertions="3" time="0.000287"/>
      </testsuite>
      <testsuite name="App\Card\DeckOfCardsTest" file="/opt/dev/bth/dbwebb-kurser/mvc/me/report/tests/Card/DeckOfCardsTest.php" tests="1" assertions="3" errors="0" warnings="0" failures="0" skipped="0" time="0.001879">
        <testcase name="testDeck" class="App\Card\DeckOfCardsTest" classname="App.Card.DeckOfCardsTest" file="/opt/dev/bth/dbwebb-kurser/mvc/me/report/tests/Card/DeckOfCardsTest.php" line="12" assertions="3" time="0.001879"/>
      </testsuite>
      <testsuite name="App\Card\Game21Test" file="/opt/dev/bth/dbwebb-kurser/mvc/me/report/tests/Card/Game21Test.php" tests="7" assertions="14" errors="0" warnings="0" failures="0" skipped="0" time="0.010279">
        <testcase name="testCreateGame21" class="App\Card\Game21Test" classname="App.Card.Game21Test" file="/opt/dev/bth/dbwebb-kurser/mvc/me/report/tests/Card/Game21Test.php" line="12" assertions="2" time="0.002048"/>
        <testcase name="testPlayerAndBankDraw" class="App\Card\Game21Test" classname="App.Card.Game21Test" file="/opt/dev/bth/dbwebb-kurser/mvc/me/report/tests/Card/Game21Test.php" line="26" assertions="4" time="0.001061"/>
        <testcase name="testBankDrawTooEarly" class="App\Card\Game21Test" classname="App.Card.Game21Test" file="/opt/dev/bth/dbwebb-kurser/mvc/me/report/tests/Card/Game21Test.php" line="47" assertions="2" time="0.003714"/>
        <testcase name="testPlayerDrawTooLate" class="App\Card\Game21Test" classname="App.Card.Game21Test" file="/opt/dev/bth/dbwebb-kurser/mvc/me/report/tests/Card/Game21Test.php" line="56" assertions="2" time="0.000725"/>
        <testcase name="testGetPlayerAndBankHand" class="App\Card\Game21Test" classname="App.Card.Game21Test" file="/opt/dev/bth/dbwebb-kurser/mvc/me/report/tests/Card/Game21Test.php" line="66" assertions="2" time="0.000886"/>
        <testcase name="testPlayerWinner" class="App\Card\Game21Test" classname="App.Card.Game21Test" file="/opt/dev/bth/dbwebb-kurser/mvc/me/report/tests/Card/Game21Test.php" line="82" assertions="1" time="0.000943"/>
        <testcase name="testBankWinner" class="App\Card\Game21Test" classname="App.Card.Game21Test" file="/opt/dev/bth/dbwebb-kurser/mvc/me/report/tests/Card/Game21Test.php" line="92" assertions="1" time="0.000902"/>
      </testsuite>
      <testsuite name="App\Card\MultiDeckTest" file="/opt/dev/bth/dbwebb-kurser/mvc/me/report/tests/Card/MultiDeckOfCardsTest.php" tests="4" assertions="4" errors="0" warnings="0" failures="0" skipped="0" time="0.005327">
        <testcase name="testBuildMultiDeck" class="App\Card\MultiDeckTest" classname="App.Card.MultiDeckTest" file="/opt/dev/bth/dbwebb-kurser/mvc/me/report/tests/Card/MultiDeckOfCardsTest.php" line="12" assertions="1" time="0.001136"/>
        <testcase name="testGetNumberOfDecks" class="App\Card\MultiDeckTest" classname="App.Card.MultiDeckTest" file="/opt/dev/bth/dbwebb-kurser/mvc/me/report/tests/Card/MultiDeckOfCardsTest.php" line="24" assertions="1" time="0.001297"/>
        <testcase name="testgetDeckAsValues" class="App\Card\MultiDeckTest" classname="App.Card.MultiDeckTest" file="/opt/dev/bth/dbwebb-kurser/mvc/me/report/tests/Card/MultiDeckOfCardsTest.php" line="33" assertions="1" time="0.001437"/>
        <testcase name="testgetDeck" class="App\Card\MultiDeckTest" classname="App.Card.MultiDeckTest" file="/opt/dev/bth/dbwebb-kurser/mvc/me/report/tests/Card/MultiDeckOfCardsTest.php" line="53" assertions="1" time="0.001457"/>
      </testsuite>
      <testsuite name="App\Dice\DiceTest" file="/opt/dev/bth/dbwebb-kurser/mvc/me/report/tests/Dice/DiceTest.php" tests="2" assertions="4" errors="0" warnings="0" failures="0" skipped="0" time="0.006758">
        <testcase name="testCreateDice" class="App\Dice\DiceTest" classname="App.Dice.DiceTest" file="/opt/dev/bth/dbwebb-kurser/mvc/me/report/tests/Dice/DiceTest.php" line="12" assertions="1" time="0.001728"/>
        <testcase name="testCreatedDiceRoll" class="App\Dice\DiceTest" classname="App.Dice.DiceTest" file="/opt/dev/bth/dbwebb-kurser/mvc/me/report/tests/Dice/DiceTest.php" line="21" assertions="3" time="0.005031"/>
      </testsuite>
      <testsuite name="App\Entity\BookTest" file="/opt/dev/bth/dbwebb-kurser/mvc/me/report/tests/Entity/BookTest.php" tests="5" assertions="5" errors="0" warnings="0" failures="0" skipped="0" time="0.003830">
        <testcase name="testBookCreate" class="App\Entity\BookTest" classname="App.Entity.BookTest" file="/opt/dev/bth/dbwebb-kurser/mvc/me/report/tests/Entity/BookTest.php" line="12" assertions="1" time="0.002444"/>
        <testcase name="testBookTitle" class="App\Entity\BookTest" classname="App.Entity.BookTest" file="/opt/dev/bth/dbwebb-kurser/mvc/me/report/tests/Entity/BookTest.php" line="20" assertions="1" time="0.000313"/>
        <testcase name="testBookIsbn" class="App\Entity\BookTest" classname="App.Entity.BookTest" file="/opt/dev/bth/dbwebb-kurser/mvc/me/report/tests/Entity/BookTest.php" line="30" assertions="1" time="0.000279"/>
        <testcase name="testBookAuthor" class="App\Entity\BookTest" classname="App.Entity.BookTest" file="/opt/dev/bth/dbwebb-kurser/mvc/me/report/tests/Entity/BookTest.php" line="40" assertions="1" time="0.000377"/>
        <testcase name="testBookImage" class="App\Entity\BookTest" classname="App.Entity.BookTest" file="/opt/dev/bth/dbwebb-kurser/mvc/me/report/tests/Entity/BookTest.php" line="50" assertions="1" time="0.000417"/>
      </testsuite>
      <testsuite name="App\Entity\HighscoreTest" file="/opt/dev/bth/dbwebb-kurser/mvc/me/report/tests/Entity/HighscoreTest.php" tests="3" assertions="3" errors="0" warnings="0" failures="0" skipped="0" time="0.002923">
        <testcase name="testHighscoreCreate" class="App\Entity\HighscoreTest" classname="App.Entity.HighscoreTest" file="/opt/dev/bth/dbwebb-kurser/mvc/me/report/tests/Entity/HighscoreTest.php" line="12" assertions="1" time="0.001056"/>
        <testcase name="testHighscoreCategory" class="App\Entity\HighscoreTest" classname="App.Entity.HighscoreTest" file="/opt/dev/bth/dbwebb-kurser/mvc/me/report/tests/Entity/HighscoreTest.php" line="20" assertions="1" time="0.001153"/>
        <testcase name="testHighscoreCoins" class="App\Entity\HighscoreTest" classname="App.Entity.HighscoreTest" file="/opt/dev/bth/dbwebb-kurser/mvc/me/report/tests/Entity/HighscoreTest.php" line="30" assertions="1" time="0.000713"/>
      </testsuite>
      <testsuite name="App\Entity\PlayerTest" file="/opt/dev/bth/dbwebb-kurser/mvc/me/report/tests/Entity/PlayerTest.php" tests="3" assertions="3" errors="0" warnings="0" failures="0" skipped="0" time="0.000670">
        <testcase name="testPlayerCreate" class="App\Entity\PlayerTest" classname="App.Entity.PlayerTest" file="/opt/dev/bth/dbwebb-kurser/mvc/me/report/tests/Entity/PlayerTest.php" line="12" assertions="1" time="0.000133"/>
        <testcase name="testPlayerName" class="App\Entity\PlayerTest" classname="App.Entity.PlayerTest" file="/opt/dev/bth/dbwebb-kurser/mvc/me/report/tests/Entity/PlayerTest.php" line="20" assertions="1" time="0.000282"/>
        <testcase name="testPlayerCoins" class="App\Entity\PlayerTest" classname="App.Entity.PlayerTest" file="/opt/dev/bth/dbwebb-kurser/mvc/me/report/tests/Entity/PlayerTest.php" line="30" assertions="1" time="0.000254"/>
      </testsuite>
    </testsuite>
  </testsuite>
</testsuites>
