<?xml version="1.0" encoding="UTF-8"?>
<testsuites>
  <testsuite name="" tests="14" assertions="33" errors="0" warnings="0" failures="0" skipped="0" time="0.036388">
    <testsuite name="Project Test Suite" tests="14" assertions="33" errors="0" warnings="0" failures="0" skipped="0" time="0.036388">
      <testsuite name="App\Card\CardGraphicTest" file="/opt/dev/bth/dbwebb-kurser/mvc/me/report/tests/Card/CardGraphicTest.php" tests="2" assertions="6" errors="0" warnings="0" failures="0" skipped="0" time="0.016345">
        <testcase name="testCard" class="App\Card\CardGraphicTest" classname="App.Card.CardGraphicTest" file="/opt/dev/bth/dbwebb-kurser/mvc/me/report/tests/Card/CardGraphicTest.php" line="12" assertions="2" time="0.015111"/>
        <testcase name="testCardGraphic" class="App\Card\CardGraphicTest" classname="App.Card.CardGraphicTest" file="/opt/dev/bth/dbwebb-kurser/mvc/me/report/tests/Card/CardGraphicTest.php" line="26" assertions="4" time="0.001234"/>
      </testsuite>
      <testsuite name="App\Card\CardHandTest" file="/opt/dev/bth/dbwebb-kurser/mvc/me/report/tests/Card/CardHandTest.php" tests="2" assertions="6" errors="0" warnings="0" failures="0" skipped="0" time="0.001333">
        <testcase name="testCardHand" class="App\Card\CardHandTest" classname="App.Card.CardHandTest" file="/opt/dev/bth/dbwebb-kurser/mvc/me/report/tests/Card/CardHandTest.php" line="12" assertions="3" time="0.001192"/>
        <testcase name="testCardGraphic" class="App\Card\CardHandTest" classname="App.Card.CardHandTest" file="/opt/dev/bth/dbwebb-kurser/mvc/me/report/tests/Card/CardHandTest.php" line="34" assertions="3" time="0.000140"/>
      </testsuite>
      <testsuite name="App\Card\DeckOfCardsTest" file="/opt/dev/bth/dbwebb-kurser/mvc/me/report/tests/Card/DeckOfCardsTest.php" tests="1" assertions="3" errors="0" warnings="0" failures="0" skipped="0" time="0.001719">
        <testcase name="testDeck" class="App\Card\DeckOfCardsTest" classname="App.Card.DeckOfCardsTest" file="/opt/dev/bth/dbwebb-kurser/mvc/me/report/tests/Card/DeckOfCardsTest.php" line="12" assertions="3" time="0.001719"/>
      </testsuite>
      <testsuite name="App\Card\Game21Test" file="/opt/dev/bth/dbwebb-kurser/mvc/me/report/tests/Card/Game21Test.php" tests="7" assertions="14" errors="0" warnings="0" failures="0" skipped="0" time="0.011577">
        <testcase name="testCreateGame21" class="App\Card\Game21Test" classname="App.Card.Game21Test" file="/opt/dev/bth/dbwebb-kurser/mvc/me/report/tests/Card/Game21Test.php" line="12" assertions="2" time="0.001774"/>
        <testcase name="testPlayerAndBankDraw" class="App\Card\Game21Test" classname="App.Card.Game21Test" file="/opt/dev/bth/dbwebb-kurser/mvc/me/report/tests/Card/Game21Test.php" line="26" assertions="4" time="0.002123"/>
        <testcase name="testBankDrawTooEarly" class="App\Card\Game21Test" classname="App.Card.Game21Test" file="/opt/dev/bth/dbwebb-kurser/mvc/me/report/tests/Card/Game21Test.php" line="47" assertions="2" time="0.004153"/>
        <testcase name="testPlayerDrawTooLate" class="App\Card\Game21Test" classname="App.Card.Game21Test" file="/opt/dev/bth/dbwebb-kurser/mvc/me/report/tests/Card/Game21Test.php" line="56" assertions="2" time="0.000830"/>
        <testcase name="testGetPlayerAndBankHand" class="App\Card\Game21Test" classname="App.Card.Game21Test" file="/opt/dev/bth/dbwebb-kurser/mvc/me/report/tests/Card/Game21Test.php" line="66" assertions="2" time="0.000856"/>
        <testcase name="testPlayerWinner" class="App\Card\Game21Test" classname="App.Card.Game21Test" file="/opt/dev/bth/dbwebb-kurser/mvc/me/report/tests/Card/Game21Test.php" line="82" assertions="1" time="0.000930"/>
        <testcase name="testBankWinner" class="App\Card\Game21Test" classname="App.Card.Game21Test" file="/opt/dev/bth/dbwebb-kurser/mvc/me/report/tests/Card/Game21Test.php" line="92" assertions="1" time="0.000911"/>
      </testsuite>
      <testsuite name="App\Dice\DiceTest" file="/opt/dev/bth/dbwebb-kurser/mvc/me/report/tests/Dice/DiceTest.php" tests="2" assertions="4" errors="0" warnings="0" failures="0" skipped="0" time="0.005415">
        <testcase name="testCreateDice" class="App\Dice\DiceTest" classname="App.Dice.DiceTest" file="/opt/dev/bth/dbwebb-kurser/mvc/me/report/tests/Dice/DiceTest.php" line="12" assertions="1" time="0.001357"/>
        <testcase name="testCreatedDiceRoll" class="App\Dice\DiceTest" classname="App.Dice.DiceTest" file="/opt/dev/bth/dbwebb-kurser/mvc/me/report/tests/Dice/DiceTest.php" line="21" assertions="3" time="0.004058"/>
      </testsuite>
    </testsuite>
  </testsuite>
</testsuites>
