<?xml version="1.0" encoding="UTF-8"?>
<testsuites>
  <testsuite name="" tests="34" assertions="55" errors="0" warnings="0" failures="0" skipped="0" time="0.055785">
    <testsuite name="Project Test Suite" tests="34" assertions="55" errors="0" warnings="0" failures="0" skipped="0" time="0.055785">
      <testsuite name="App\Card\BlackJackTest" file="/opt/dev/bth/dbwebb-kurser/mvc/me/report/tests/Card/BlackJackTest.php" tests="5" assertions="7" errors="0" warnings="0" failures="0" skipped="0" time="0.024741">
        <testcase name="testCreateBlackJack" class="App\Card\BlackJackTest" classname="App.Card.BlackJackTest" file="/opt/dev/bth/dbwebb-kurser/mvc/me/report/tests/Card/BlackJackTest.php" line="12" assertions="1" time="0.019616"/>
        <testcase name="testDraw" class="App\Card\BlackJackTest" classname="App.Card.BlackJackTest" file="/opt/dev/bth/dbwebb-kurser/mvc/me/report/tests/Card/BlackJackTest.php" line="22" assertions="3" time="0.002696"/>
        <testcase name="testgetPlayerValue" class="App\Card\BlackJackTest" classname="App.Card.BlackJackTest" file="/opt/dev/bth/dbwebb-kurser/mvc/me/report/tests/Card/BlackJackTest.php" line="42" assertions="1" time="0.000882"/>
        <testcase name="testgetNumberOfDecks" class="App\Card\BlackJackTest" classname="App.Card.BlackJackTest" file="/opt/dev/bth/dbwebb-kurser/mvc/me/report/tests/Card/BlackJackTest.php" line="53" assertions="1" time="0.000619"/>
        <testcase name="testgetNumberOfhands" class="App\Card\BlackJackTest" classname="App.Card.BlackJackTest" file="/opt/dev/bth/dbwebb-kurser/mvc/me/report/tests/Card/BlackJackTest.php" line="61" assertions="1" time="0.000928"/>
      </testsuite>
      <testsuite name="App\Card\CardGraphicTest" file="/opt/dev/bth/dbwebb-kurser/mvc/me/report/tests/Card/CardGraphicTest.php" tests="2" assertions="6" errors="0" warnings="0" failures="0" skipped="0" time="0.000486">
        <testcase name="testCard" class="App\Card\CardGraphicTest" classname="App.Card.CardGraphicTest" file="/opt/dev/bth/dbwebb-kurser/mvc/me/report/tests/Card/CardGraphicTest.php" line="12" assertions="2" time="0.000188"/>
        <testcase name="testCardGraphic" class="App\Card\CardGraphicTest" classname="App.Card.CardGraphicTest" file="/opt/dev/bth/dbwebb-kurser/mvc/me/report/tests/Card/CardGraphicTest.php" line="26" assertions="4" time="0.000299"/>
      </testsuite>
      <testsuite name="App\Card\CardHandTest" file="/opt/dev/bth/dbwebb-kurser/mvc/me/report/tests/Card/CardHandTest.php" tests="2" assertions="6" errors="0" warnings="0" failures="0" skipped="0" time="0.000317">
        <testcase name="testCardHand" class="App\Card\CardHandTest" classname="App.Card.CardHandTest" file="/opt/dev/bth/dbwebb-kurser/mvc/me/report/tests/Card/CardHandTest.php" line="12" assertions="3" time="0.000187"/>
        <testcase name="testCardGraphic" class="App\Card\CardHandTest" classname="App.Card.CardHandTest" file="/opt/dev/bth/dbwebb-kurser/mvc/me/report/tests/Card/CardHandTest.php" line="34" assertions="3" time="0.000130"/>
      </testsuite>
      <testsuite name="App\Card\DeckOfCardsTest" file="/opt/dev/bth/dbwebb-kurser/mvc/me/report/tests/Card/DeckOfCardsTest.php" tests="1" assertions="3" errors="0" warnings="0" failures="0" skipped="0" time="0.001915">
        <testcase name="testDeck" class="App\Card\DeckOfCardsTest" classname="App.Card.DeckOfCardsTest" file="/opt/dev/bth/dbwebb-kurser/mvc/me/report/tests/Card/DeckOfCardsTest.php" line="12" assertions="3" time="0.001915"/>
      </testsuite>
      <testsuite name="App\Card\Game21Test" file="/opt/dev/bth/dbwebb-kurser/mvc/me/report/tests/Card/Game21Test.php" tests="7" assertions="14" errors="0" warnings="0" failures="0" skipped="0" time="0.010593">
        <testcase name="testCreateGame21" class="App\Card\Game21Test" classname="App.Card.Game21Test" file="/opt/dev/bth/dbwebb-kurser/mvc/me/report/tests/Card/Game21Test.php" line="12" assertions="2" time="0.002275"/>
        <testcase name="testPlayerAndBankDraw" class="App\Card\Game21Test" classname="App.Card.Game21Test" file="/opt/dev/bth/dbwebb-kurser/mvc/me/report/tests/Card/Game21Test.php" line="26" assertions="4" time="0.000882"/>
        <testcase name="testBankDrawTooEarly" class="App\Card\Game21Test" classname="App.Card.Game21Test" file="/opt/dev/bth/dbwebb-kurser/mvc/me/report/tests/Card/Game21Test.php" line="47" assertions="2" time="0.004001"/>
        <testcase name="testPlayerDrawTooLate" class="App\Card\Game21Test" classname="App.Card.Game21Test" file="/opt/dev/bth/dbwebb-kurser/mvc/me/report/tests/Card/Game21Test.php" line="56" assertions="2" time="0.000801"/>
        <testcase name="testGetPlayerAndBankHand" class="App\Card\Game21Test" classname="App.Card.Game21Test" file="/opt/dev/bth/dbwebb-kurser/mvc/me/report/tests/Card/Game21Test.php" line="66" assertions="2" time="0.000779"/>
        <testcase name="testPlayerWinner" class="App\Card\Game21Test" classname="App.Card.Game21Test" file="/opt/dev/bth/dbwebb-kurser/mvc/me/report/tests/Card/Game21Test.php" line="82" assertions="1" time="0.000885"/>
        <testcase name="testBankWinner" class="App\Card\Game21Test" classname="App.Card.Game21Test" file="/opt/dev/bth/dbwebb-kurser/mvc/me/report/tests/Card/Game21Test.php" line="92" assertions="1" time="0.000969"/>
      </testsuite>
      <testsuite name="App\Card\MultiDeckTest" file="/opt/dev/bth/dbwebb-kurser/mvc/me/report/tests/Card/MultiDeckOfCardsTest.php" tests="4" assertions="4" errors="0" warnings="0" failures="0" skipped="0" time="0.005479">
        <testcase name="testBuildMultiDeck" class="App\Card\MultiDeckTest" classname="App.Card.MultiDeckTest" file="/opt/dev/bth/dbwebb-kurser/mvc/me/report/tests/Card/MultiDeckOfCardsTest.php" line="12" assertions="1" time="0.001326"/>
        <testcase name="testGetNumberOfDecks" class="App\Card\MultiDeckTest" classname="App.Card.MultiDeckTest" file="/opt/dev/bth/dbwebb-kurser/mvc/me/report/tests/Card/MultiDeckOfCardsTest.php" line="24" assertions="1" time="0.001356"/>
        <testcase name="testgetDeckAsValues" class="App\Card\MultiDeckTest" classname="App.Card.MultiDeckTest" file="/opt/dev/bth/dbwebb-kurser/mvc/me/report/tests/Card/MultiDeckOfCardsTest.php" line="33" assertions="1" time="0.001452"/>
        <testcase name="testgetDeck" class="App\Card\MultiDeckTest" classname="App.Card.MultiDeckTest" file="/opt/dev/bth/dbwebb-kurser/mvc/me/report/tests/Card/MultiDeckOfCardsTest.php" line="53" assertions="1" time="0.001344"/>
      </testsuite>
      <testsuite name="App\Dice\DiceTest" file="/opt/dev/bth/dbwebb-kurser/mvc/me/report/tests/Dice/DiceTest.php" tests="2" assertions="4" errors="0" warnings="0" failures="0" skipped="0" time="0.005812">
        <testcase name="testCreateDice" class="App\Dice\DiceTest" classname="App.Dice.DiceTest" file="/opt/dev/bth/dbwebb-kurser/mvc/me/report/tests/Dice/DiceTest.php" line="12" assertions="1" time="0.001298"/>
        <testcase name="testCreatedDiceRoll" class="App\Dice\DiceTest" classname="App.Dice.DiceTest" file="/opt/dev/bth/dbwebb-kurser/mvc/me/report/tests/Dice/DiceTest.php" line="21" assertions="3" time="0.004514"/>
      </testsuite>
      <testsuite name="App\Entity\BookTest" file="/opt/dev/bth/dbwebb-kurser/mvc/me/report/tests/Entity/BookTest.php" tests="5" assertions="5" errors="0" warnings="0" failures="0" skipped="0" time="0.003025">
        <testcase name="testBookCreate" class="App\Entity\BookTest" classname="App.Entity.BookTest" file="/opt/dev/bth/dbwebb-kurser/mvc/me/report/tests/Entity/BookTest.php" line="12" assertions="1" time="0.002014"/>
        <testcase name="testBookTitle" class="App\Entity\BookTest" classname="App.Entity.BookTest" file="/opt/dev/bth/dbwebb-kurser/mvc/me/report/tests/Entity/BookTest.php" line="20" assertions="1" time="0.000279"/>
        <testcase name="testBookIsbn" class="App\Entity\BookTest" classname="App.Entity.BookTest" file="/opt/dev/bth/dbwebb-kurser/mvc/me/report/tests/Entity/BookTest.php" line="30" assertions="1" time="0.000114"/>
        <testcase name="testBookAuthor" class="App\Entity\BookTest" classname="App.Entity.BookTest" file="/opt/dev/bth/dbwebb-kurser/mvc/me/report/tests/Entity/BookTest.php" line="40" assertions="1" time="0.000371"/>
        <testcase name="testBookImage" class="App\Entity\BookTest" classname="App.Entity.BookTest" file="/opt/dev/bth/dbwebb-kurser/mvc/me/report/tests/Entity/BookTest.php" line="50" assertions="1" time="0.000247"/>
      </testsuite>
      <testsuite name="App\Entity\HighscoreTest" file="/opt/dev/bth/dbwebb-kurser/mvc/me/report/tests/Entity/HighscoreTest.php" tests="3" assertions="3" errors="0" warnings="0" failures="0" skipped="0" time="0.002754">
        <testcase name="testHighscoreCreate" class="App\Entity\HighscoreTest" classname="App.Entity.HighscoreTest" file="/opt/dev/bth/dbwebb-kurser/mvc/me/report/tests/Entity/HighscoreTest.php" line="12" assertions="1" time="0.001203"/>
        <testcase name="testHighscoreCategory" class="App\Entity\HighscoreTest" classname="App.Entity.HighscoreTest" file="/opt/dev/bth/dbwebb-kurser/mvc/me/report/tests/Entity/HighscoreTest.php" line="20" assertions="1" time="0.001157"/>
        <testcase name="testHighscoreCoins" class="App\Entity\HighscoreTest" classname="App.Entity.HighscoreTest" file="/opt/dev/bth/dbwebb-kurser/mvc/me/report/tests/Entity/HighscoreTest.php" line="30" assertions="1" time="0.000394"/>
      </testsuite>
      <testsuite name="App\Entity\PlayerTest" file="/opt/dev/bth/dbwebb-kurser/mvc/me/report/tests/Entity/PlayerTest.php" tests="3" assertions="3" errors="0" warnings="0" failures="0" skipped="0" time="0.000663">
        <testcase name="testPlayerCreate" class="App\Entity\PlayerTest" classname="App.Entity.PlayerTest" file="/opt/dev/bth/dbwebb-kurser/mvc/me/report/tests/Entity/PlayerTest.php" line="12" assertions="1" time="0.000115"/>
        <testcase name="testPlayerName" class="App\Entity\PlayerTest" classname="App.Entity.PlayerTest" file="/opt/dev/bth/dbwebb-kurser/mvc/me/report/tests/Entity/PlayerTest.php" line="20" assertions="1" time="0.000260"/>
        <testcase name="testPlayerCoins" class="App\Entity\PlayerTest" classname="App.Entity.PlayerTest" file="/opt/dev/bth/dbwebb-kurser/mvc/me/report/tests/Entity/PlayerTest.php" line="30" assertions="1" time="0.000288"/>
      </testsuite>
    </testsuite>
  </testsuite>
</testsuites>
